2026-05-03 16:50:00.916 [main] INFO  a.AdvertisementApplication - Starting AdvertisementApplication using Java 17.0.12 with PID 20100 (D:\University\FinalTask\FinalTask\Api\target\classes started by FixedUser in D:\University\FinalTask\FinalTask)
2026-05-03 16:50:00.918 [main] DEBUG a.AdvertisementApplication - Running with Spring Boot v4.0.3, Spring v7.0.5
2026-05-03 16:50:00.919 [main] INFO  a.AdvertisementApplication - No active profile set, falling back to 1 default profile: "default"
2026-05-03 16:50:02.533 [main] INFO  o.s.boot.tomcat.TomcatWebServer - Tomcat initialized with port 8080 (http)
2026-05-03 16:50:02.544 [main] INFO  o.a.catalina.core.StandardService - Starting service [Tomcat]
2026-05-03 16:50:02.545 [main] INFO  o.a.catalina.core.StandardEngine - Starting Servlet engine: [Apache Tomcat/11.0.18]
2026-05-03 16:50:02.620 [main] INFO  o.s.b.w.c.s.WebApplicationContextInitializer - Root WebApplicationContext: initialization completed in 1645 ms
2026-05-03 16:50:02.864 [main] INFO  org.hibernate.orm.jpa - HHH008540: Processing PersistenceUnitInfo [name: default]
2026-05-03 16:50:02.969 [main] INFO  org.hibernate.orm.core - HHH000001: Hibernate ORM core version 7.2.7.Final
2026-05-03 16:50:03.756 [main] INFO  o.s.o.j.p.SpringPersistenceUnitInfo - No LoadTimeWeaver setup: ignoring JPA class transformer
2026-05-03 16:50:03.796 [main] INFO  com.zaxxer.hikari.HikariDataSource - HikariPool-1 - Starting...
2026-05-03 16:50:03.986 [main] INFO  com.zaxxer.hikari.pool.HikariPool - HikariPool-1 - Added connection org.postgresql.jdbc.PgConnection@6d2db15b
2026-05-03 16:50:03.987 [main] INFO  com.zaxxer.hikari.HikariDataSource - HikariPool-1 - Start completed.
2026-05-03 16:50:04.028 [main] WARN  org.hibernate.orm.deprecation - HHH90000025: PostgreSQLDialect does not need to be specified explicitly using 'hibernate.dialect' (remove the property setting and it will be selected by default)
2026-05-03 16:50:04.055 [main] INFO  o.hibernate.orm.connections.pooling - HHH10001005: Database info:
	Database JDBC URL [jdbc:postgresql://localhost:5432/advertisement_db]
	Database driver: PostgreSQL JDBC Driver
	Database dialect: PostgreSQLDialect
	Database version: 18.0
	Default catalog/schema: advertisement_db/public
	Autocommit mode: undefined/unknown
	Isolation level: READ_COMMITTED [default READ_COMMITTED]
	JDBC fetch size: none
	Pool: DataSourceConnectionProvider
	Minimum pool size: undefined/unknown
	Maximum pool size: undefined/unknown
2026-05-03 16:50:05.201 [main] INFO  org.hibernate.orm.core - HHH000489: No JTA platform available (set 'hibernate.transaction.jta.platform' to enable JTA platform integration)
2026-05-03 16:50:05.208 [main] INFO  o.s.o.j.LocalContainerEntityManagerFactoryBean - Initialized JPA EntityManagerFactory for persistence unit 'default'
2026-05-03 16:50:06.444 [main] INFO  liquibase.database - Set default schema name to public
2026-05-03 16:50:06.678 [main] INFO  liquibase.changelog - Reading from public.databasechangelog
2026-05-03 16:50:06.727 [main] INFO  liquibase.ui - Database is up to date, no changesets to execute
2026-05-03 16:50:06.728 [main] INFO  liquibase.changelog - Reading from public.databasechangelog
2026-05-03 16:50:06.737 [main] INFO  liquibase.util - UPDATE SUMMARY
2026-05-03 16:50:06.737 [main] INFO  liquibase.util - Run:                          0
2026-05-03 16:50:06.737 [main] INFO  liquibase.util - Previously run:               2
2026-05-03 16:50:06.737 [main] INFO  liquibase.util - Filtered out:                 0
2026-05-03 16:50:06.737 [main] INFO  liquibase.util - -------------------------------
2026-05-03 16:50:06.737 [main] INFO  liquibase.util - Total change sets:            2
2026-05-03 16:50:06.737 [main] INFO  liquibase.util - Update summary generated
2026-05-03 16:50:06.738 [main] INFO  liquibase.command - Command execution complete
2026-05-03 16:50:08.593 [main] INFO  o.s.boot.tomcat.TomcatWebServer - Tomcat started on port 8080 (http) with context path '/'
2026-05-03 16:50:08.600 [main] INFO  a.AdvertisementApplication - Started AdvertisementApplication in 8.323 seconds (process running for 8.76)
2026-05-03 16:50:08.603 [main] WARN  o.s.c.events.SpringDocAppInitializer - SpringDoc /v3/api-docs endpoint is enabled by default. To disable it in production, set the property 'springdoc.api-docs.enabled=false'
2026-05-03 16:50:08.604 [main] WARN  o.s.c.events.SpringDocAppInitializer - SpringDoc /swagger-ui.html endpoint is enabled by default. To disable it in production, set the property 'springdoc.swagger-ui.enabled=false'
2026-05-03 16:50:13.803 [SpringApplicationShutdownHook] INFO  o.s.boot.tomcat.GracefulShutdown - Commencing graceful shutdown. Waiting for active requests to complete
2026-05-03 16:50:14.501 [tomcat-shutdown] INFO  o.s.boot.tomcat.GracefulShutdown - Graceful shutdown complete
2026-05-03 16:50:14.504 [SpringApplicationShutdownHook] INFO  o.s.o.j.LocalContainerEntityManagerFactoryBean - Closing JPA EntityManagerFactory for persistence unit 'default'
2026-05-03 16:50:14.505 [SpringApplicationShutdownHook] INFO  com.zaxxer.hikari.HikariDataSource - HikariPool-1 - Shutdown initiated...
2026-05-03 16:50:14.509 [SpringApplicationShutdownHook] INFO  com.zaxxer.hikari.HikariDataSource - HikariPool-1 - Shutdown completed.
